Added Component: Designator=P?(HDR1X9)
Add component (AddParameter): Name = "LatestRevisionDate"; Value = "17-Jul-2002"; VariantName = "[No Variations]"
Add component (AddParameter): Name = "LatestRevisionNote"; Value = "Re-released for DXP Platform."; VariantName = "[No Variations]"
Add component (AddParameter): Name = "Publisher"; Value = "Altium Limited"; VariantName = "[No Variations]"
Added Component: Designator=P?(HDR1X8)
Add component (AddParameter): Name = "LatestRevisionDate"; Value = "17-Jul-2002"; VariantName = "[No Variations]"
Add component (AddParameter): Name = "LatestRevisionNote"; Value = "Re-released for DXP Platform."; VariantName = "[No Variations]"
Add component (AddParameter): Name = "Publisher"; Value = "Altium Limited"; VariantName = "[No Variations]"
Added Component: Designator=R?(FP-PV36W-MFG)
Add component (AddParameter): Name = "Automotive"; Value = "No"; VariantName = "[No Variations]"
Add component (AddParameter): Name = "Category"; Value = "Res"; VariantName = "[No Variations]"
Add component (AddParameter): Name = "ComponentLink2Description"; Value = "Datasheet"; VariantName = "[No Variations]"
Add component (AddParameter): Name = "ComponentLink2URL"; Value = "https://www.bourns.com/docs/Product-Datasheets/pv36.pdf"; VariantName = "[No Variations]"
Add component (AddParameter): Name = "Composition"; Value = "Cermet"; VariantName = "[No Variations]"
Add component (AddParameter): Name = "Device Class L1"; Value = "Passive Components"; VariantName = "[No Variations]"
Add component (AddParameter): Name = "Device Class L2"; Value = "Resistors"; VariantName = "[No Variations]"
Add component (AddParameter): Name = "Device Class L3"; Value = "Variable Resistors and Potentiometers"; VariantName = "[No Variations]"
Add component (AddParameter): Name = "Digikey Description"; Value = "TRIMMER 1K OHM 0.5W PC PIN TOP"; VariantName = "[No Variations]"
Add component (AddParameter): Name = "Height"; Value = "12.05mm"; VariantName = "[No Variations]"
Add component (AddParameter): Name = "Lead Free"; Value = "Yes"; VariantName = "[No Variations]"
Add component (AddParameter): Name = "Manufacturer"; Value = "Bourns"; VariantName = "[No Variations]"
Add component (AddParameter): Name = "Manufacturer Part Number"; Value = "PV36W102C01B00"; VariantName = "[No Variations]"
Add component (AddParameter): Name = "Mouser Description"; Value = "Trimmer Resistors - Through Hole 1.0Kohms 10mm Square 25turn"; VariantName = "[No Variations]"
Add component (AddParameter): Name = "Octopart"; Value = "https://octopart.com/pv36w102c01b00-bourns-71612321"; VariantName = "[No Variations]"
Add component (AddParameter): Name = "Package"; Value = "PV36W"; VariantName = "[No Variations]"
Add component (AddParameter): Name = "Power Rating"; Value = "0.5W"; VariantName = "[No Variations]"
Add component (AddParameter): Name = "Resistance"; Value = "1kO"; VariantName = "[No Variations]"
Add component (AddParameter): Name = "RoHS"; Value = "TRUE"; VariantName = "[No Variations]"
Add component (AddParameter): Name = "Series"; Value = "PV36"; VariantName = "[No Variations]"
Add component (AddParameter): Name = "Standoff Height"; Value = "0.38mm"; VariantName = "[No Variations]"
Add component (AddParameter): Name = "Temperature"; Value = "-55°C to +125°C"; VariantName = "[No Variations]"
Add component (AddParameter): Name = "Temperature Coefficient"; Value = "100ppm/°C"; VariantName = "[No Variations]"
Add component (AddParameter): Name = "Temperature Range High"; Value = "+125°C"; VariantName = "[No Variations]"
Add component (AddParameter): Name = "Temperature Range Low"; Value = "-55°C"; VariantName = "[No Variations]"
Add component (AddParameter): Name = "Tolerance"; Value = "10%"; VariantName = "[No Variations]"
Add component (AddParameter): Name = "Value"; Value = "1kO"; VariantName = "[No Variations]"
Added Pin To Net: NetName=BTN1 Pin=MD?-8
Added Pin To Net: NetName=BTN1 Pin=P?-1
Added Pin To Net: NetName=BTN1 Pin=R?-2
Added Net: Name=BTN1
Added Pin To Net: NetName=BTN2 Pin=MD?-9
Added Pin To Net: NetName=BTN2 Pin=P?-3
Added Pin To Net: NetName=BTN2 Pin=R?-2
Added Net: Name=BTN2
Added Pin To Net: NetName=BTN3 Pin=MD?-6
Added Pin To Net: NetName=BTN3 Pin=P?-5
Added Pin To Net: NetName=BTN3 Pin=R?-2
Added Net: Name=BTN3
Added Pin To Net: NetName=BTN4 Pin=MD?-7
Added Pin To Net: NetName=BTN4 Pin=P?-7
Added Pin To Net: NetName=BTN4 Pin=R?-2
Added Net: Name=BTN4
Added Pin To Net: NetName=CS Pin=MD?-23
Added Pin To Net: NetName=CS Pin=P?-7
Added Net: Name=CS
Added Pin To Net: NetName=DC Pin=MD?-24
Added Pin To Net: NetName=DC Pin=P?-5
Added Net: Name=DC
Added Pin To Net: NetName=GND Pin=MD?-1
Added Pin To Net: NetName=GND Pin=MD?-15
Added Pin To Net: NetName=GND Pin=MD?-38
Added Pin To Net: NetName=GND Pin=MD?-39
Added Pin To Net: NetName=GND Pin=MD?-39
Added Pin To Net: NetName=GND Pin=MD?-39
Added Pin To Net: NetName=GND Pin=MD?-39
Added Pin To Net: NetName=GND Pin=MD?-39
Added Pin To Net: NetName=GND Pin=MD?-39
Added Pin To Net: NetName=GND Pin=MD?-39
Added Pin To Net: NetName=GND Pin=MD?-39
Added Pin To Net: NetName=GND Pin=MD?-39
Added Pin To Net: NetName=GND Pin=P?-2
Added Pin To Net: NetName=GND Pin=P?-4
Added Pin To Net: NetName=GND Pin=P?-6
Added Pin To Net: NetName=GND Pin=P?-8
Added Pin To Net: NetName=GND Pin=P?-8
Added Pin To Net: NetName=GND Pin=R?-1
Added Net: Name=GND
Added Pin To Net: NetName=LED Pin=P?-2
Added Pin To Net: NetName=LED Pin=R?-2
Added Net: Name=LED
Added Pin To Net: NetName=MISO Pin=MD?-31
Added Pin To Net: NetName=MISO Pin=P?-1
Added Net: Name=MISO
Added Pin To Net: NetName=MOSI Pin=MD?-37
Added Pin To Net: NetName=MOSI Pin=P?-4
Added Net: Name=MOSI
Added Pin To Net: NetName=RESET Pin=MD?-26
Added Pin To Net: NetName=RESET Pin=P?-6
Added Net: Name=RESET
Added Pin To Net: NetName=SCK Pin=MD?-30
Added Pin To Net: NetName=SCK Pin=P?-3
Added Net: Name=SCK
Added Pin To Net: NetName=VCC Pin=MD?-2
Added Pin To Net: NetName=VCC Pin=P?-9
Added Pin To Net: NetName=VCC Pin=R?-1
Added Pin To Net: NetName=VCC Pin=R?-3
Added Net: Name=VCC
Added Member To Class: ClassName=shematic Member=Component P? Header 9
Added Member To Class: ClassName=shematic Member=Component P? Header 8
Added Member To Class: ClassName=shematic Member=Component R? Resistor
Added Member To Class: ClassName=shematic Member=Component R? Resistor
Added Member To Class: ClassName=shematic Member=Component R? PV36W102C01B00
Added Member To Class: ClassName=shematic Member=Component R? Resistor
Added Member To Class: ClassName=shematic Member=Component R? Resistor
